-------------------------------------------------------------------------------
Test set: TestSuite
-------------------------------------------------------------------------------
Tests run: 11, Failures: 7, Errors: 0, Skipped: 0, Time elapsed: 12.95 sec <<< FAILURE!
testRESTTicketClose_EM(com.servicenow.SNAPIAutomation.TestClose)  Time elapsed: 3.448 sec  <<< FAILURE!
java.lang.ClassCastException: io.restassured.internal.path.xml.NodeChildrenImpl cannot be cast to java.lang.String
	at com.servicenow.SNAPIAutomation.TestClose.testRESTTicketClose_EM(TestClose.java:49)

testRESTTicketClose_ET(com.servicenow.SNAPIAutomation.TestClose)  Time elapsed: 0.903 sec  <<< FAILURE!
java.lang.ClassCastException: io.restassured.internal.path.xml.NodeChildrenImpl cannot be cast to java.lang.String
	at com.servicenow.SNAPIAutomation.TestClose.testRESTTicketClose_ET(TestClose.java:28)

testRESTTicketCreate_EM(com.servicenow.SNAPIAutomation.TestCreate)  Time elapsed: 0.004 sec  <<< FAILURE!
java.lang.AssertionError: expected [true] but found [false]
	at org.testng.Assert.fail(Assert.java:99)
	at org.testng.Assert.failNotEquals(Assert.java:1037)
	at org.testng.Assert.assertEqualsImpl(Assert.java:140)
	at org.testng.Assert.assertEquals(Assert.java:122)
	at org.testng.Assert.assertEquals(Assert.java:819)
	at org.testng.Assert.assertEquals(Assert.java:829)
	at com.servicenow.SNAPIAutomation.TestCreate.testRESTTicketCreate_EM(TestCreate.java:20)

testRESTTicketGet_ET(com.servicenow.SNAPIAutomation.TestExcel)  Time elapsed: 0.373 sec  <<< FAILURE!
java.lang.AssertionError: expected [1] but found [0]
	at org.testng.Assert.fail(Assert.java:99)
	at org.testng.Assert.failNotEquals(Assert.java:1037)
	at org.testng.Assert.assertEqualsImpl(Assert.java:140)
	at org.testng.Assert.assertEquals(Assert.java:122)
	at org.testng.Assert.assertEquals(Assert.java:907)
	at org.testng.Assert.assertEquals(Assert.java:917)
	at com.servicenow.SNAPIAutomation.TestExcel.testRESTTicketGet_ET(TestExcel.java:103)

testRESTTicketGet_ET(com.servicenow.SNAPIAutomation.TestGet)  Time elapsed: 0.381 sec  <<< FAILURE!
java.lang.AssertionError: expected [1] but found [0]
	at org.testng.Assert.fail(Assert.java:99)
	at org.testng.Assert.failNotEquals(Assert.java:1037)
	at org.testng.Assert.assertEqualsImpl(Assert.java:140)
	at org.testng.Assert.assertEquals(Assert.java:122)
	at org.testng.Assert.assertEquals(Assert.java:907)
	at org.testng.Assert.assertEquals(Assert.java:917)
	at com.servicenow.SNAPIAutomation.TestGet.testRESTTicketGet_ET(TestGet.java:28)

testRESTTicketUpdate_EM(com.servicenow.SNAPIAutomation.TestUpdate)  Time elapsed: 0.529 sec  <<< FAILURE!
java.lang.ClassCastException: io.restassured.internal.path.xml.NodeChildrenImpl cannot be cast to java.lang.String
	at com.servicenow.SNAPIAutomation.TestUpdate.testRESTTicketUpdate_EM(TestUpdate.java:47)

testRESTTicketUpdate_ET(com.servicenow.SNAPIAutomation.TestUpdate)  Time elapsed: 0.576 sec  <<< FAILURE!
java.lang.ClassCastException: io.restassured.internal.path.xml.NodeChildrenImpl cannot be cast to java.lang.String
	at com.servicenow.SNAPIAutomation.TestUpdate.testRESTTicketUpdate_ET(TestUpdate.java:27)

