<?xml version="1.0" encoding="UTF-8"?>
<!-- Generated by org.testng.reporters.JUnitXMLReporter -->
<testsuite hostname="NJCDTL01HL096F" ignored="0" name="RetryMultipleFailedTestCases(failed)" tests="4" failures="1" timestamp="2022-01-04T22:31:08 EST" time="0.158" errors="0">
  <testcase name="testRESTTicketCreate_EM" time="0.009" classname="com.servicenow.SNAPIAutomation.TestCreate">
    <skipped/>
  </testcase> <!-- testRESTTicketCreate_EM -->
  <testcase name="testRESTTicketCreate_EM" time="0.001" classname="com.servicenow.SNAPIAutomation.TestCreate">
    <skipped/>
  </testcase> <!-- testRESTTicketCreate_EM -->
  <testcase name="testRESTTicketCreate_EM" time="0.0" classname="com.servicenow.SNAPIAutomation.TestCreate">
    <skipped/>
  </testcase> <!-- testRESTTicketCreate_EM -->
  <testcase name="testRESTTicketCreate_EM" time="0.0" classname="com.servicenow.SNAPIAutomation.TestCreate">
    <failure type="java.lang.AssertionError" message="expected [true] but found [false]">
      <![CDATA[java.lang.AssertionError: expected [true] but found [false]
at com.servicenow.SNAPIAutomation.TestCreate.testRESTTicketCreate_EM(TestCreate.java:20)
at java.util.ArrayList.forEach(ArrayList.java:1257)
... Removed 33 stack frames]]>
    </failure>
  </testcase> <!-- testRESTTicketCreate_EM -->
</testsuite> <!-- RetryMultipleFailedTestCases(failed) -->
